[03-05 17:15:37]: [INFO] Created column 'regdate' and set the current timestamp, 1772730937224, to all 0 rows
[03-05 17:15:37]: [INFO] SQLite Setup finished
[03-05 17:15:37]: [INFO] No supported permissions system found! Permissions are disabled!
[03-05 17:15:37]: [WARN] WARNING! The protectInventory feature requires ProtocolLib! Disabling it...
[03-05 17:15:37]: [INFO] AuthMe 5.6.0 build n.CUSTOM successfully enabled!
[03-05 17:15:38]: [INFO] Downloading GEO IP database, because the old database is older than 30 days or doesn't exist
[03-05 17:15:38]: [WARN] No MaxMind credentials found in the configuration file! GeoIp protections will be disabled.
[03-05 17:15:38]: [INFO] There is no newer GEO IP database uploaded to MaxMind. Using the old one for now.
[03-05 17:15:38]: [WARN] Could not download GeoLiteAPI database [FileNotFoundException]: plugins/AuthMe/GeoLite2-Country.mmdb (No such file or directory)
[03-05 17:15:38]: java.io.FileNotFoundException: plugins/AuthMe/GeoLite2-Country.mmdb (No such file or directory)
	at java.base/java.io.RandomAccessFile.open0(Native Method)
	at java.base/java.io.RandomAccessFile.open(RandomAccessFile.java:338)
	at java.base/java.io.RandomAccessFile.<init>(RandomAccessFile.java:257)
	at java.base/java.io.RandomAccessFile.<init>(RandomAccessFile.java:211)
	at fr.xephi.authme.libs.com.maxmind.db.BufferHolder.<init>(BufferHolder.java:20)
	at fr.xephi.authme.libs.com.maxmind.db.Reader.<init>(Reader.java:121)
	at fr.xephi.authme.service.GeoIpService.startReading(GeoIpService.java:179)
	at fr.xephi.authme.service.GeoIpService.updateDatabase(GeoIpService.java:150)
	at org.bukkit.craftbukkit.v1_12_R1.scheduler.CraftTask.run(CraftTask.java:64)
	at org.bukkit.craftbukkit.v1_12_R1.scheduler.CraftAsyncTask.run(CraftAsyncTask.java:52)
	at com.destroystokyo.paper.ServerSchedulerReportingWrapper.run(ServerSchedulerReportingWrapper.java:22)
	at java.base/java.util.concurrent.ThreadPoolExecutor.runWorker(ThreadPoolExecutor.java:1090)
	at java.base/java.util.concurrent.ThreadPoolExecutor$Worker.run(ThreadPoolExecutor.java:614)
	at java.base/java.lang.Thread.run(Thread.java:1474)

[03-05 17:16:29]: [FINE] Orxify8 registered 0:0:0:0:0:0:0:1%0
[03-05 17:16:29]: [FINE] Orxify8 logged in 0:0:0:0:0:0:0:1%0
[03-05 17:20:16]: [INFO] AuthMe 5.6.0-bCUSTOM disabled!
[03-05 17:24:42]: [INFO] SQLite Setup finished
[03-05 17:24:42]: [INFO] No supported permissions system found! Permissions are disabled!
[03-05 17:24:43]: [WARN] WARNING! The protectInventory feature requires ProtocolLib! Disabling it...
[03-05 17:24:43]: [INFO] AuthMe 5.6.0 build n.CUSTOM successfully enabled!
[03-05 17:24:43]: [INFO] Downloading GEO IP database, because the old database is older than 30 days or doesn't exist
[03-05 17:24:43]: [WARN] No MaxMind credentials found in the configuration file! GeoIp protections will be disabled.
[03-05 17:24:43]: [INFO] There is no newer GEO IP database uploaded to MaxMind. Using the old one for now.
[03-05 17:24:43]: [WARN] Could not download GeoLiteAPI database [FileNotFoundException]: plugins/AuthMe/GeoLite2-Country.mmdb (No such file or directory)
[03-05 17:24:43]: java.io.FileNotFoundException: plugins/AuthMe/GeoLite2-Country.mmdb (No such file or directory)
	at java.base/java.io.RandomAccessFile.open0(Native Method)
	at java.base/java.io.RandomAccessFile.open(RandomAccessFile.java:338)
	at java.base/java.io.RandomAccessFile.<init>(RandomAccessFile.java:257)
	at java.base/java.io.RandomAccessFile.<init>(RandomAccessFile.java:211)
	at fr.xephi.authme.libs.com.maxmind.db.BufferHolder.<init>(BufferHolder.java:20)
	at fr.xephi.authme.libs.com.maxmind.db.Reader.<init>(Reader.java:121)
	at fr.xephi.authme.service.GeoIpService.startReading(GeoIpService.java:179)
	at fr.xephi.authme.service.GeoIpService.updateDatabase(GeoIpService.java:150)
	at org.bukkit.craftbukkit.v1_12_R1.scheduler.CraftTask.run(CraftTask.java:64)
	at org.bukkit.craftbukkit.v1_12_R1.scheduler.CraftAsyncTask.run(CraftAsyncTask.java:52)
	at com.destroystokyo.paper.ServerSchedulerReportingWrapper.run(ServerSchedulerReportingWrapper.java:22)
	at java.base/java.util.concurrent.ThreadPoolExecutor.runWorker(ThreadPoolExecutor.java:1090)
	at java.base/java.util.concurrent.ThreadPoolExecutor$Worker.run(ThreadPoolExecutor.java:614)
	at java.base/java.lang.Thread.run(Thread.java:1474)

[03-05 17:25:59]: [FINE] Orxify8 logged in 0:0:0:0:0:0:0:1%0
[03-05 17:34:22]: [FINE] Orxify8 logged in 0:0:0:0:0:0:0:1%0
[03-05 17:35:15]: [INFO] AuthMe 5.6.0-bCUSTOM disabled!
[03-05 17:35:41]: [INFO] SQLite Setup finished
[03-05 17:35:41]: [INFO] No supported permissions system found! Permissions are disabled!
[03-05 17:35:42]: [WARN] WARNING! The protectInventory feature requires ProtocolLib! Disabling it...
[03-05 17:35:42]: [INFO] AuthMe 5.6.0 build n.CUSTOM successfully enabled!
[03-05 17:35:42]: [INFO] Downloading GEO IP database, because the old database is older than 30 days or doesn't exist
[03-05 17:35:42]: [WARN] No MaxMind credentials found in the configuration file! GeoIp protections will be disabled.
[03-05 17:35:42]: [INFO] There is no newer GEO IP database uploaded to MaxMind. Using the old one for now.
[03-05 17:35:42]: [WARN] Could not download GeoLiteAPI database [FileNotFoundException]: plugins/AuthMe/GeoLite2-Country.mmdb (No such file or directory)
[03-05 17:35:42]: java.io.FileNotFoundException: plugins/AuthMe/GeoLite2-Country.mmdb (No such file or directory)
	at java.base/java.io.RandomAccessFile.open0(Native Method)
	at java.base/java.io.RandomAccessFile.open(RandomAccessFile.java:338)
	at java.base/java.io.RandomAccessFile.<init>(RandomAccessFile.java:257)
	at java.base/java.io.RandomAccessFile.<init>(RandomAccessFile.java:211)
	at fr.xephi.authme.libs.com.maxmind.db.BufferHolder.<init>(BufferHolder.java:20)
	at fr.xephi.authme.libs.com.maxmind.db.Reader.<init>(Reader.java:121)
	at fr.xephi.authme.service.GeoIpService.startReading(GeoIpService.java:179)
	at fr.xephi.authme.service.GeoIpService.updateDatabase(GeoIpService.java:150)
	at org.bukkit.craftbukkit.v1_12_R1.scheduler.CraftTask.run(CraftTask.java:64)
	at org.bukkit.craftbukkit.v1_12_R1.scheduler.CraftAsyncTask.run(CraftAsyncTask.java:52)
	at com.destroystokyo.paper.ServerSchedulerReportingWrapper.run(ServerSchedulerReportingWrapper.java:22)
	at java.base/java.util.concurrent.ThreadPoolExecutor.runWorker(ThreadPoolExecutor.java:1090)
	at java.base/java.util.concurrent.ThreadPoolExecutor$Worker.run(ThreadPoolExecutor.java:614)
	at java.base/java.lang.Thread.run(Thread.java:1474)

[03-05 17:55:12]: [FINE] Orxify8 logged in 0:0:0:0:0:0:0:1%0
[03-05 17:57:40]: [FINE] GET_YOINKED registered 0:0:0:0:0:0:0:1%0
[03-05 17:57:40]: [FINE] The user GET_YOINKED has 2 accounts:
[03-05 17:57:40]: [FINE] §7§aOrxify8§7, §aGET_YOINKED§7.
[03-05 17:57:40]: [FINE] GET_YOINKED logged in 0:0:0:0:0:0:0:1%0
[03-05 18:18:02]: [INFO] AuthMe 5.6.0-bCUSTOM disabled!
[03-05 18:18:22]: [INFO] SQLite Setup finished
[03-05 18:18:22]: [INFO] No supported permissions system found! Permissions are disabled!
[03-05 18:18:22]: [WARN] WARNING! The protectInventory feature requires ProtocolLib! Disabling it...
[03-05 18:18:22]: [INFO] AuthMe 5.6.0 build n.CUSTOM successfully enabled!
[03-05 18:18:23]: [INFO] Downloading GEO IP database, because the old database is older than 30 days or doesn't exist
[03-05 18:18:23]: [WARN] No MaxMind credentials found in the configuration file! GeoIp protections will be disabled.
[03-05 18:18:23]: [INFO] There is no newer GEO IP database uploaded to MaxMind. Using the old one for now.
[03-05 18:18:23]: [WARN] Could not download GeoLiteAPI database [FileNotFoundException]: plugins/AuthMe/GeoLite2-Country.mmdb (No such file or directory)
[03-05 18:18:23]: java.io.FileNotFoundException: plugins/AuthMe/GeoLite2-Country.mmdb (No such file or directory)
	at java.base/java.io.RandomAccessFile.open0(Native Method)
	at java.base/java.io.RandomAccessFile.open(RandomAccessFile.java:338)
	at java.base/java.io.RandomAccessFile.<init>(RandomAccessFile.java:257)
	at java.base/java.io.RandomAccessFile.<init>(RandomAccessFile.java:211)
	at fr.xephi.authme.libs.com.maxmind.db.BufferHolder.<init>(BufferHolder.java:20)
	at fr.xephi.authme.libs.com.maxmind.db.Reader.<init>(Reader.java:121)
	at fr.xephi.authme.service.GeoIpService.startReading(GeoIpService.java:179)
	at fr.xephi.authme.service.GeoIpService.updateDatabase(GeoIpService.java:150)
	at org.bukkit.craftbukkit.v1_12_R1.scheduler.CraftTask.run(CraftTask.java:64)
	at org.bukkit.craftbukkit.v1_12_R1.scheduler.CraftAsyncTask.run(CraftAsyncTask.java:52)
	at com.destroystokyo.paper.ServerSchedulerReportingWrapper.run(ServerSchedulerReportingWrapper.java:22)
	at java.base/java.util.concurrent.ThreadPoolExecutor.runWorker(ThreadPoolExecutor.java:1090)
	at java.base/java.util.concurrent.ThreadPoolExecutor$Worker.run(ThreadPoolExecutor.java:614)
	at java.base/java.lang.Thread.run(Thread.java:1474)

